<?xml version="1.0" encoding="UTF-8"?>
<testng-results skipped="0" failed="0" total="2" passed="2">
  <reporter-output>
  </reporter-output>
  <suite name="Suite" duration-ms="41956" started-at="2018-08-21T10:21:23Z" finished-at="2018-08-21T10:22:05Z">
    <groups>
    </groups>
    <test name="on chrome" duration-ms="39638" started-at="2018-08-21T10:21:23Z" finished-at="2018-08-21T10:22:02Z">
      <class name="com.ebanking.master.Grid">
        <test-method status="PASS" signature="gd(java.lang.String)[pri:0, instance:com.ebanking.master.Grid@228ef305]" name="gd" duration-ms="39506" started-at="2018-08-21T15:51:23Z" finished-at="2018-08-21T15:52:02Z">
          <params>
            <param index="0">
              <value>
                <![CDATA[chrome]]>
              </value>
            </param>
          </params>
          <reporter-output>
          </reporter-output>
        </test-method> <!-- gd -->
      </class> <!-- com.ebanking.master.Grid -->
    </test> <!-- on chrome -->
    <test name="on firefox" duration-ms="41956" started-at="2018-08-21T10:21:23Z" finished-at="2018-08-21T10:22:05Z">
      <class name="com.ebanking.master.Grid">
        <test-method status="PASS" signature="gd(java.lang.String)[pri:0, instance:com.ebanking.master.Grid@67b39df1]" name="gd" duration-ms="41937" started-at="2018-08-21T15:51:23Z" finished-at="2018-08-21T15:52:05Z">
          <params>
            <param index="0">
              <value>
                <![CDATA[firefox]]>
              </value>
            </param>
          </params>
          <reporter-output>
          </reporter-output>
        </test-method> <!-- gd -->
      </class> <!-- com.ebanking.master.Grid -->
    </test> <!-- on firefox -->
  </suite> <!-- Suite -->
</testng-results>
